<?xml version="1.0" encoding="UTF-8"?>
<!-- Generated by org.testng.reporters.JUnitReportReporter -->
<testsuite hostname="Siddu_Indhu" failures="0" tests="1" name="project_test.TestCase2" time="2.074" errors="0" timestamp="2024-12-16T18:50:21 IST" skipped="0">
  <testcase classname="project_test.TestCase2" name="succ" time="2.074"/>
  <system-out/>
</testsuite> <!-- project_test.TestCase2 -->
