<?xml version="1.0" encoding="UTF-8"?>
<!-- Generated by org.testng.reporters.JUnitReportReporter -->
<testsuite hostname="Siddu_Indhu" failures="0" tests="1" name="project_test.TestCase1" time="13.477" errors="0" timestamp="2024-12-16T18:36:15 IST" skipped="0">
  <testcase classname="project_test.TestCase1" name="signup" time="13.477"/>
  <system-out/>
</testsuite> <!-- project_test.TestCase1 -->
