<?xml version="1.0" encoding="UTF-8"?>
<!-- Generated by org.testng.reporters.JUnitReportReporter -->
<testsuite hostname="Siddu_Indhu" failures="0" tests="1" name="project_test.Testcase4" time="8.354" errors="0" timestamp="2024-12-16T20:31:51 IST" skipped="0">
  <testcase classname="project_test.Testcase4" name="edit" time="8.354"/>
  <system-out/>
</testsuite> <!-- project_test.Testcase4 -->
