<?xml version="1.0" encoding="UTF-8"?>
<!-- Generated by org.testng.reporters.JUnitReportReporter -->
<testsuite hostname="Siddu_Indhu" failures="0" tests="1" name="project_test.TestCase5" time="5.925" errors="0" timestamp="2024-12-17T19:21:37 IST" skipped="0">
  <testcase classname="project_test.TestCase5" name="search" time="5.925"/>
  <system-out/>
</testsuite> <!-- project_test.TestCase5 -->
