<?xml version="1.0" encoding="UTF-8"?>
<!-- Generated by org.testng.reporters.JUnitReportReporter -->
<testsuite hostname="Siddu_Indhu" failures="0" tests="1" name="project_test.TestCase8" time="8.187" errors="0" timestamp="2024-12-17T20:26:26 IST" skipped="0">
  <testcase classname="project_test.TestCase8" name="sort" time="8.187"/>
  <system-out/>
</testsuite> <!-- project_test.TestCase8 -->
