<?xml version="1.0" encoding="UTF-8"?>
<!-- Generated by org.testng.reporters.JUnitReportReporter -->
<testsuite hostname="Siddu_Indhu" failures="0" tests="1" name="project_test.TestCase7" time="10.110" errors="0" timestamp="2024-12-17T20:10:06 IST" skipped="0">
  <testcase classname="project_test.TestCase7" name="search" time="10.110"/>
  <system-out/>
</testsuite> <!-- project_test.TestCase7 -->
