<?xml version="1.0" encoding="UTF-8"?>
<!-- Generated by org.testng.reporters.JUnitReportReporter -->
<testsuite hostname="Siddu_Indhu" failures="0" tests="1" name="amazon_test.TestCase5" time="57.030" errors="0" timestamp="2024-12-11T21:31:20 IST" skipped="0">
  <testcase classname="amazon_test.TestCase5" name="remove" time="57.030"/>
  <system-out/>
</testsuite> <!-- amazon_test.TestCase5 -->
