<?xml version="1.0" encoding="UTF-8"?>
<!-- Generated by org.testng.reporters.JUnitReportReporter -->
<testsuite hostname="Siddu_Indhu" failures="0" tests="1" name="amazon_test.TestCase2" time="19.915" errors="0" timestamp="2024-12-11T21:31:20 IST" skipped="0">
  <testcase classname="amazon_test.TestCase2" name="cred" time="19.915"/>
  <system-out/>
</testsuite> <!-- amazon_test.TestCase2 -->
