<?xml version="1.0" encoding="UTF-8"?>
<!-- Generated by org.testng.reporters.JUnitReportReporter -->
<testsuite hostname="Siddu_Indhu" failures="0" tests="1" name="amazon_test.TestCase3" time="24.415" errors="0" timestamp="2024-12-11T21:31:20 IST" skipped="0">
  <testcase classname="amazon_test.TestCase3" name="wish" time="24.415"/>
  <system-out/>
</testsuite> <!-- amazon_test.TestCase3 -->
